[rbxruby.top/page/create.html]
[backblue.gif]
[fade.gif]
[index.html]
[rbxruby.top/assets/img/logo.png]
[rbxruby.top/assets/vendor/css/rtl/core-dark.css]
[rbxruby.top/assets/imports.css]
[rbxruby.top/assets/vendor/js/helpers.js]
[rbxruby.top/assets/vendor/js/template-customizer.js]
[rbxruby.top/assets/js/config.js]
[rbxruby.top/page/authorize.html]
[rbxruby.top/assets/vendor/libs/jquery/jquery.js]
[rbxruby.top/assets/vendor/js/main7362.js]
[rbxruby.top/assets/vendor/libs/popper/popper.js]
[rbxruby.top/assets/vendor/js/bootstrap.js]
[kit.fontawesome.com/bec8a9a01f.js]
[rbxruby.top/page/create.html]
[rbxruby.top/assets/vendor/css/rtl/core-dark.css]
[cdn.jsdelivr.net/npm/simple-notify@0.5.5/dist/simple-notify.min.js]
[cdn.jsdelivr.net/npm/simple-notify@0.5.5/dist/simple-notify.min.css]
[rbxruby.top/assets/vendor/css/pages/page-auth.css]
[rbxruby.top/assets/imports.css]
[rbxruby.top/assets/css/demo.css]
[rbxruby.top/page/authorize.html]
[cdn.jsdelivr.net/npm/simple-notify@0.5.5/dist/simple-notify.min.css]
[rbxruby.top/assets/vendor/css/pages/page-auth.css]
[rbxruby.top/assets/css/demo.css]
[rbxruby.top/assets/vendor/js/mainc0e7.js]
